<?xml version="1.0" encoding="UTF-8"?>
<!-- Generated by org.testng.reporters.JUnitReportReporter -->
<testsuite skipped="0" hostname="Ashitha" name="package3.demo1" tests="1" failures="0" timestamp="26 Apr 2019 06:38:55 GMT" time="0.016" errors="0">
  <testcase name="sample" time="0.016" classname="package3.demo1"/>
</testsuite> <!-- package3.demo1 -->
